<?xml version="1.0" encoding="UTF-8"?>
<!-- Generated by org.testng.reporters.JUnitXMLReporter -->
<testsuite ignored="6" hostname="DESKTOP-59BILVQ" failures="0" tests="3" name="Regression Test" time="0.098" errors="0" timestamp="2022-09-23T11:06:29 IST">
  <testcase classname="GroupingPractice.TestCase1" name="Test3" time="0.007"/>
  <testcase classname="GroupingPractice.TestCase2" name="Test6" time="0.002"/>
  <testcase classname="GroupingPractice.TestCase3" name="Test9" time="0.003"/>
  <testcase classname="GroupingPractice.TestCase1" name="Test2" time="0.0">
    <ignored/>
  </testcase> <!-- Test2 -->
  <testcase classname="GroupingPractice.TestCase1" name="Test1" time="0.0">
    <ignored/>
  </testcase> <!-- Test1 -->
  <testcase classname="GroupingPractice.TestCase2" name="Test5" time="0.0">
    <ignored/>
  </testcase> <!-- Test5 -->
  <testcase classname="GroupingPractice.TestCase3" name="Test7" time="0.0">
    <ignored/>
  </testcase> <!-- Test7 -->
  <testcase classname="GroupingPractice.TestCase2" name="Test4" time="0.0">
    <ignored/>
  </testcase> <!-- Test4 -->
  <testcase classname="GroupingPractice.TestCase3" name="Test8" time="0.0">
    <ignored/>
  </testcase> <!-- Test8 -->
</testsuite> <!-- Regression Test -->
