<?xml version="1.0" encoding="UTF-8"?>
<!-- Generated by org.testng.reporters.JUnitXMLReporter -->
<testsuite ignored="0" hostname="DESKTOP-FJGHUJB" failures="0" tests="6" name="FunctionalTecting" time="0.09" errors="0" timestamp="2022-10-01T23:55:53 GMT-08:00">
  <testcase classname="LayOut.TestCase1" name="m1" time="0.007"/>
  <testcase classname="LayOut.TestCase1" name="m2" time="0.003"/>
  <testcase classname="LayOut.TestCase1" name="m3" time="0.002"/>
  <testcase classname="LayOut.TestCase2" name="m4" time="0.001"/>
  <testcase classname="LayOut.TestCase2" name="m5" time="0.004"/>
  <testcase classname="LayOut.TestCase2" name="m6" time="0.001"/>
</testsuite> <!-- FunctionalTecting -->
