<?xml version="1.0" encoding="UTF-8"?>
<!-- Generated by org.testng.reporters.JUnitXMLReporter -->
<testsuite ignored="1" hostname="DESKTOP-59BILVQ" failures="0" tests="7" name="Test" time="0.129" errors="0" timestamp="2022-09-23T10:35:12 IST">
  <testcase classname="DummyProject.Test2" name="FrindList" time="0.009"/>
  <testcase classname="DummyProject.Test2" name="Notificaion" time="0.002"/>
  <testcase classname="DummyProject.Test1" name="HomepageClick" time="0.002"/>
  <testcase classname="DummyProject.Test1" name="Login" time="0.002"/>
  <testcase classname="DummyProject.Test3" name="Loggedout" time="0.002"/>
  <testcase classname="DummyProject.Test3" name="OpenSettings" time="0.002"/>
  <testcase classname="DummyProject.Test3" name="openPrivacyAndPolicy" time="0.003"/>
  <testcase classname="DummyProject.Test2" name="massages" time="0.0">
    <ignored/>
  </testcase> <!-- massages -->
</testsuite> <!-- Test -->
