<?xml version="1.0" encoding="UTF-8"?>
<!-- Generated by org.testng.reporters.JUnitXMLReporter -->
<testsuite ignored="0" hostname="DESKTOP-FJGHUJB" failures="0" tests="6" name="TestCrossBrowser" time="6.331" errors="0" timestamp="2022-10-02T02:38:36 GMT-08:00">
  <testcase classname="CrossBrowser.CrossBrowser" name="CrossBro" time="5.46"/>
  <testcase classname="CrossBrowser.CrossBrowser" name="getCurrentUrl" time="0.018"/>
  <testcase classname="CrossBrowser.CrossBrowser" name="verifyPageTitle" time="0.018"/>
  <testcase classname="CrossBrowser.CrossBrowser" name="username" time="0.187"/>
  <testcase classname="CrossBrowser.CrossBrowser" name="assword" time="0.156"/>
  <testcase classname="CrossBrowser.CrossBrowser" name="click" time="0.373"/>
</testsuite> <!-- TestCrossBrowser -->
