<?xml version="1.0" encoding="UTF-8"?>
<!-- Generated by org.testng.reporters.JUnitXMLReporter -->
<testsuite ignored="6" hostname="DESKTOP-FJGHUJB" failures="0" tests="2" name="Test" time="0.092" errors="0" timestamp="2022-10-01T23:56:14 GMT-08:00">
  <testcase classname="DummyProject.Test1" name="Login" time="0.009"/>
  <testcase classname="DummyProject.Test3" name="Loggedout" time="0.004"/>
  <testcase classname="DummyProject.Test2" name="massages" time="0.0">
    <ignored/>
  </testcase> <!-- massages -->
  <testcase classname="DummyProject.Test3" name="OpenSettings" time="0.0">
    <ignored/>
  </testcase> <!-- OpenSettings -->
  <testcase classname="DummyProject.Test2" name="FrindList" time="0.0">
    <ignored/>
  </testcase> <!-- FrindList -->
  <testcase classname="DummyProject.Test3" name="openPrivacyAndPolicy" time="0.0">
    <ignored/>
  </testcase> <!-- openPrivacyAndPolicy -->
  <testcase classname="DummyProject.Test1" name="HomepageClick" time="0.0">
    <ignored/>
  </testcase> <!-- HomepageClick -->
  <testcase classname="DummyProject.Test2" name="Notificaion" time="0.0">
    <ignored/>
  </testcase> <!-- Notificaion -->
</testsuite> <!-- Test -->
